ata_generic
ata_piix
auth_rpcgss
cdrom
dm_log
dm_mirror
dm_mod
dm_region_hash
ext4
fscache
i2c_core
i2c_piix4
ip6table_filter
ip6table_mangle
ip6_tables
ip6t_REJECT
iptable_filter
iptable_mangle
ip_tables
ipt_REJECT
ipv6
jbd2
lockd
mbcache
Module
nf_conntrack
nf_conntrack_ipv4
nf_conntrack_ipv6
nf_defrag_ipv4
nf_defrag_ipv6
nf_nat
nfs
nfs_acl
pata_acpi
pfmt_ploop1
pfmt_raw
pio_direct
pio_nfs
ploop
sg
simfs
snd
snd_hda_codec
snd_hda_intel
snd_hwdep
snd_page_alloc
snd_pcm
snd_seq
snd_seq_device
snd_timer
soundcore
sr_mod
sunrpc
virtio
virtio_balloon
virtio_blk
virtio_net
virtio_pci
virtio_ring
vzcpt
vzdev
vzdquota
vzethdev
vzevent
vziolimit
vzmon
vznetdev
vzrst
xt_dscp
xt_hl
xt_length
xt_limit
xt_multiport
xt_state
xt_tcpmss
xt_TCPMSS
